1636541777490	geckodriver	INFO	Listening on 127.0.0.1:64440
1636541780564	mozrunner::runner	INFO	Running command: "C:\\Program Files\\Mozilla Firefox\\firefox.exe" "--marionette" "-headless" "--proxy-server=127.0.0.1:8080" "-no-remote" "-profile" "C:\\Users\\ejinb\\AppData\\Local\\Temp\\rust_mozprofileCxwFkH"
*** You are running in headless mode.
1636541780827	Marionette	INFO	Marionette enabled
[GFX1-]: RenderCompositorSWGL failed mapping default framebuffer, no dt
console.warn: SearchSettings: "get: No settings file exists, new profile?" (new NotFoundError("Could not open the file at C:\\Users\\ejinb\\AppData\\Local\\Temp\\rust_mozprofileCxwFkH\\search.json.mozlz4", (void 0)))
1636541781681	Marionette	INFO	Listening on port 64449
1636541782133	RemoteAgent	WARN	TLS certificate errors will be ignored for this session
1636541782212	Marionette	INFO	Stopped listening on port 64449
console.error: Region.jsm: "Error fetching region" (new TypeError("NetworkError when attempting to fetch resource.", ""))
console.error: Region.jsm: "Failed to fetch region" (new Error("NO_RESULT", "resource://gre/modules/Region.jsm", 419))
1636541792846	geckodriver	INFO	Listening on 127.0.0.1:64485
1636541795914	mozrunner::runner	INFO	Running command: "C:\\Program Files\\Mozilla Firefox\\firefox.exe" "--marionette" "-headless" "--proxy-server=127.0.0.1:8080" "-no-remote" "-profile" "C:\\Users\\ejinb\\AppData\\Local\\Temp\\rust_mozprofile5JZugI"
*** You are running in headless mode.
1636541796163	Marionette	INFO	Marionette enabled
[GFX1-]: RenderCompositorSWGL failed mapping default framebuffer, no dt
console.warn: SearchSettings: "get: No settings file exists, new profile?" (new NotFoundError("Could not open the file at C:\\Users\\ejinb\\AppData\\Local\\Temp\\rust_mozprofile5JZugI\\search.json.mozlz4", (void 0)))
1636541796966	Marionette	INFO	Listening on port 64495
1636541797467	RemoteAgent	WARN	TLS certificate errors will be ignored for this session
1636541799344	Marionette	INFO	Stopped listening on port 64495

###!!! [Parent][MessageChannel] Error: (msgtype=0x39007A,name=PContent::Msg_DestroyBrowsingContextGroup) Closed channel: cannot send/recv

JavaScript error: resource://gre/modules/Sqlite.jsm, line 1059: Error: Sqlite.jsm has been shutdown. Cannot open connection to: C:\Users\ejinb\AppData\Local\Temp\rust_mozprofile5JZugI\protections.sqlite

###!!! [Parent][RunMessage] Error: Channel closing: too late to send/recv, messages will be lost

